commit a935ae68560cc94dd540e4af3a3469a6e0288fed
Merge: ad663ad 50c833e
Author: Bob Example <bob@example.com>
Date:   Wed May 16 00:39:56 2012 -0500

    Merge branch 'master' of file:///home/codyc/test/git/repo into test

commit ad663adb2bd48402ddd5f3baf355cd50cde3f271
Author: Bob Example <bob@example.com>
Date:   Wed May 16 00:39:54 2012 -0500

    ChangeY

commit 50c833e8ff15f7911010f65d1321f72be52458a7
Merge: 3163903 d32dc35
Author: Jill Example <jill@example.com>
Date:   Wed May 16 00:39:41 2012 -0500

    Merge branch 'master' of /home/codyc/test/git/repo

commit 3163903cbef7aea0414b6494de046adc91765b35
Author: Jill Example <jill@example.com>
Date:   Wed May 16 00:39:31 2012 -0500

    ChangeX

commit d32dc35ace6f2813ca2529244724871b6a3912ae
Merge: 621235c 98a34b9
Author: Bob Example <bob@example.com>
Date:   Wed May 16 00:08:44 2012 -0500

    Merge branch 'master' of file:///home/codyc/test/git/repo

commit 621235cea66498dd8623375be53d556d7327b8ed
Author: Bob Example <bob@example.com>
Date:   Wed May 16 00:08:32 2012 -0500

    Change D

commit 98a34b99a3c6438f2be120b51bccf2b0360d5446
Merge: 81c85f3 756ca5e
Author: Jill Example <jill@example.com>
Date:   Wed May 16 00:08:21 2012 -0500

    Merge branch 'master' of /home/codyc/test/git/repo

commit 81c85f3a60262b87ac1eaf86fd94c4426b6ae0db
Author: Jill Example <jill@example.com>
Date:   Wed May 16 00:08:17 2012 -0500

    Change C

commit 756ca5eeb8dd5c94600e53c6c371abcac7a460ce
Merge: 4137952 514ac38
Author: Bob Example <bob@example.com>
Date:   Wed May 16 00:07:55 2012 -0500

    Merge branch 'master' of file:///home/codyc/test/git/repo

commit 4137952023c3bf9864e40c689501c6683fef8b56
Author: Bob Example <bob@example.com>
Date:   Wed May 16 00:07:50 2012 -0500

    Change B

commit 514ac3844949af1e7655e5f98fa84d9b047a85e6
Author: Jill Example <jill@example.com>
Date:   Wed May 16 00:07:28 2012 -0500

    Change A

commit 2c1f76854e27d52d97ac3147bdc661b562a2d7f7
Author: Bob Example <bob@example.com>
Date:   Wed May 16 00:05:51 2012 -0500

    inital
