commit baa39ae2a20bdcccd8121c7e46bb73423166b623
Merge:  6912043d56ed8141e5a87628ec3d36c37ec60bf8 6027b77ca89c10282357e6a63703ad7b4e08c484
Author: repo_a <repo_a@example.com>
Date:   Sat Jan 01 00:00:16 2000 +0000

    Pull Request #5

|   commit 6027b77ca89c10282357e6a63703ad7b4e08c484
|   Author: repo_a <repo_a@example.com>
|   Date:   Sat Jan 01 00:00:15 2000 +0000
|   
|       Commit: 946684815
|   
|   commit 94afc425780beab297f69e661ca59e4bbb75e0a7
|   Author: repo_a <repo_a@example.com>
|   Date:   Sat Jan 01 00:00:14 2000 +0000
|   
|       Commit: 946684814
|   
commit 6912043d56ed8141e5a87628ec3d36c37ec60bf8
Merge:  3c7f354fa102ba905d3fdc3959a45c85e1b6efe5 8240f240c3d99b856c620c79b0ac70ff3ba2c2ae
Author: repo_b <repo_b@example.com>
Date:   Sat Jan 01 00:00:13 2000 +0000

    Pull Request #4

|   commit 8240f240c3d99b856c620c79b0ac70ff3ba2c2ae
|   Author: repo_b <repo_b@example.com>
|   Date:   Sat Jan 01 00:00:12 2000 +0000
|   
|       Commit: 946684812
|   
|   commit 67cd281f4c48a04cb7c035436c73691fc2087660
|   Author: repo_b <repo_b@example.com>
|   Date:   Sat Jan 01 00:00:11 2000 +0000
|   
|       Commit: 946684811
|   
commit 3c7f354fa102ba905d3fdc3959a45c85e1b6efe5
Merge:  93fcb99af5150acf7f1c3e6d81169290ea9ee3e0 b0529ac01ab3f9b6edde91017f8d04bdde97a3ea
Author: repo_a <repo_a@example.com>
Date:   Sat Jan 01 00:00:10 2000 +0000

    Pull Request #3

|   commit b0529ac01ab3f9b6edde91017f8d04bdde97a3ea
|   Author: repo_a <repo_a@example.com>
|   Date:   Sat Jan 01 00:00:09 2000 +0000
|   
|       Commit: 946684809
|   
|   commit 47e6ca74a329ca358ebf04ede8a3c40153db9de3
|   Author: repo_a <repo_a@example.com>
|   Date:   Sat Jan 01 00:00:08 2000 +0000
|   
|       Commit: 946684808
|   
commit 93fcb99af5150acf7f1c3e6d81169290ea9ee3e0
Merge:  489c6698f0ae08c9ad89395b02f949d0887e9a00 6e65a7d43c891327b2f6c8cfba55a83cf8650e20
Author: repo_b <repo_b@example.com>
Date:   Sat Jan 01 00:00:07 2000 +0000

    Pull Request #2

|   commit 6e65a7d43c891327b2f6c8cfba55a83cf8650e20
|   Author: repo_b <repo_b@example.com>
|   Date:   Sat Jan 01 00:00:06 2000 +0000
|   
|       Commit: 946684806
|   
|   commit b7fce4e77876aec5ef8858f09607a08eed31b8a7
|   Author: repo_b <repo_b@example.com>
|   Date:   Sat Jan 01 00:00:05 2000 +0000
|   
|       Commit: 946684805
|   
commit 489c6698f0ae08c9ad89395b02f949d0887e9a00
Merge:  dde1da4f1ba37922645b315c2c02790a19eb28e6 dc0fe5ac1bbbaa11e1d3f3407cc2eb80b9f4b000
Author: repo_a <repo_a@example.com>
Date:   Sat Jan 01 00:00:04 2000 +0000

    Pull Request #1

|   commit dc0fe5ac1bbbaa11e1d3f3407cc2eb80b9f4b000
|   Author: repo_a <repo_a@example.com>
|   Date:   Sat Jan 01 00:00:03 2000 +0000
|   
|       Commit: 946684803
|   
|   commit 7f8d7909e8a918617fea3f1180156d66b468a67b
|   Author: repo_a <repo_a@example.com>
|   Date:   Sat Jan 01 00:00:02 2000 +0000
|   
|       Commit: 946684802
|   
commit dde1da4f1ba37922645b315c2c02790a19eb28e6
Author: origin <origin@example.com>
Date:   Sat Jan 01 00:00:01 2000 +0000

    Commit: 946684801

